<?xml version="1.0" encoding="UTF-8"?>
<testng-results ignored="0" total="1" passed="1" failed="0" skipped="0">
  <reporter-output>
  </reporter-output>
  <suite started-at="2021-06-21T17:01:24 EET" name="Suite" finished-at="2021-06-21T17:02:15 EET" duration-ms="50999">
    <groups>
    </groups>
    <test started-at="2021-06-21T17:01:24 EET" name="Test" finished-at="2021-06-21T17:02:15 EET" duration-ms="50999">
      <class name="testcases.VodafoneSearchQuery">
        <test-method is-config="true" signature="beforeClass()[pri:0, instance:testcases.VodafoneSearchQuery@5bbbdd4b]" started-at="2021-06-21T17:01:24 EET" name="beforeClass" finished-at="2021-06-21T17:01:35 EET" duration-ms="11190" status="PASS">
          <reporter-output>
          </reporter-output>
        </test-method> <!-- beforeClass -->
        <test-method signature="InitiateVodafoneSearch()[pri:1, instance:testcases.VodafoneSearchQuery@5bbbdd4b]" started-at="2021-06-21T17:01:35 EET" name="InitiateVodafoneSearch" description="Searching for Vodafone in Google Search" finished-at="2021-06-21T17:02:06 EET" duration-ms="30345" status="PASS">
          <reporter-output>
          </reporter-output>
        </test-method> <!-- InitiateVodafoneSearch -->
        <test-method is-config="true" signature="afterClass()[pri:0, instance:testcases.VodafoneSearchQuery@5bbbdd4b]" started-at="2021-06-21T17:02:07 EET" name="afterClass" finished-at="2021-06-21T17:02:15 EET" duration-ms="8141" status="PASS">
          <reporter-output>
          </reporter-output>
        </test-method> <!-- afterClass -->
      </class> <!-- testcases.VodafoneSearchQuery -->
    </test> <!-- Test -->
  </suite> <!-- Suite -->
</testng-results>
